2026-01-04 01:06:00,282 Skrypt odpali³ siê!
2026-01-04 01:06:00,283 Logowanie
2026-01-04 01:06:02,912 Zalogowano do Sonoff
2026-01-04 01:06:02,989 Wysy³am polecenie Ledy Wojtek
2026-01-04 01:06:03,125 Wy³¹czono Ledy Wojtek
2026-01-04 01:08:25,961 Skrypt odpali³ siê!
2026-01-04 01:08:25,962 Logowanie
2026-01-04 01:08:28,198 Zalogowano do Sonoff
2026-01-04 01:08:28,274 Wysy³am polecenie Ledy Wojtek
2026-01-04 01:08:28,433 Wy³¹czono Ledy Wojtek
2026-01-27 00:20:31,441 Skrypt odpali³ siê!
2026-01-27 00:20:31,441 Logowanie
2026-01-27 00:20:33,696 Zalogowano do Sonoff
2026-01-27 00:20:33,778 Wysy³am polecenie Ledy Wojtek
2026-01-27 00:20:33,939 Wy³¹czono Ledy Wojtek
2026-01-27 00:20:41,954 Skrypt odpali³ siê!
2026-01-27 00:20:41,955 Logowanie
2026-01-27 00:20:44,301 Zalogowano do Sonoff
2026-01-27 00:20:44,380 Wysy³am polecenie Ledy Wojtek
2026-01-27 00:20:44,540 Wy³¹czono Ledy Wojtek
